<?xml version="1.0" encoding="UTF-8"?>
<testng-results ignored="0" total="1" passed="1" failed="0" skipped="0">
  <reporter-output>
    <line>
      <![CDATA[empty browser luanched]]>
    </line>
  </reporter-output>
  <suite started-at="2025-06-14T11:17:24 IST" name="Default suite" finished-at="2025-06-14T11:17:28 IST" duration-ms="3786">
    <groups>
    </groups>
    <test started-at="2025-06-14T11:17:24 IST" name="Default test" finished-at="2025-06-14T11:17:28 IST" duration-ms="3786">
      <class name="demo.JenkinsTest">
        <test-method signature="launch()[pri:0, instance:demo.JenkinsTest@a38c7fe]" started-at="2025-06-14T11:17:24 IST" name="launch" finished-at="2025-06-14T11:17:28 IST" duration-ms="3746" status="PASS">
          <reporter-output>
            <line>
              <![CDATA[empty browser luanched]]>
            </line>
          </reporter-output>
        </test-method> <!-- launch -->
      </class> <!-- demo.JenkinsTest -->
    </test> <!-- Default test -->
  </suite> <!-- Default suite -->
</testng-results>
